<?xml version="1.0" encoding="UTF-8"?>
<!-- Generated by org.testng.reporters.JUnitReportReporter -->
<testsuite hostname="E053599-VM2" name="test.cases.TimeandLabour.CR3864_Security.NonS34ManagerAccessManagerSelfServiceTest" tests="1" failures="0" timestamp="18 Dec 2018 01:55:34 GMT" time="19.322" errors="0">
  <testcase name="NonS34ManagerAccessMSS" time="19.322" classname="test.cases.TimeandLabour.CR3864_Security.NonS34ManagerAccessManagerSelfServiceTest"/>
</testsuite> <!-- test.cases.TimeandLabour.CR3864_Security.NonS34ManagerAccessManagerSelfServiceTest -->
