<?xml version="1.0" encoding="UTF-8"?>
<!-- Generated by org.testng.reporters.JUnitReportReporter -->
<testsuite hostname="E053599-VM2" name="test.cases.TimeandLabour.CR3864_Security.NonS34ManagerAccessPreConditionTest" tests="1" failures="0" timestamp="18 Dec 2018 01:55:34 GMT" time="29.627" errors="0">
  <testcase name="NonSuperUserAccessPrecondition" time="29.627" classname="test.cases.TimeandLabour.CR3864_Security.NonS34ManagerAccessPreConditionTest"/>
</testsuite> <!-- test.cases.TimeandLabour.CR3864_Security.NonS34ManagerAccessPreConditionTest -->
