<?xml version="1.0" encoding="UTF-8"?>
<!-- Generated by org.testng.reporters.JUnitReportReporter -->
<testsuite hostname="E053599-VM2" name="test.cases.TimeandLabour.ESS_ViewPayableTimeTest" tests="1" failures="0" timestamp="15 Feb 2019 19:14:34 GMT" time="0.002" errors="1">
  <testcase name="EnterTimeSheetByWeekSelfService" time="0.002" classname="test.cases.TimeandLabour.ESS_ViewPayableTimeTest">
    <error type="java.io.FileNotFoundException" message="src\main\java\data\configdata\Environments.xlsx (The process cannot access the file because it is being used by another process)">
      <![CDATA[java.io.FileNotFoundException: src\main\java\data\configdata\Environments.xlsx (The process cannot access the file because it is being used by another process)
	at java.io.RandomAccessFile.open0(Native Method)
	at java.io.RandomAccessFile.open(RandomAccessFile.java:316)
	at java.io.RandomAccessFile.<init>(RandomAccessFile.java:243)
	at org.apache.poi.poifs.nio.FileBackedDataSource.newSrcFile(FileBackedDataSource.java:158)
	at org.apache.poi.poifs.nio.FileBackedDataSource.<init>(FileBackedDataSource.java:64)
	at org.apache.poi.poifs.filesystem.NPOIFSFileSystem.<init>(NPOIFSFileSystem.java:220)
	at org.apache.poi.poifs.filesystem.NPOIFSFileSystem.<init>(NPOIFSFileSystem.java:168)
	at org.apache.poi.ss.usermodel.WorkbookFactory.create(WorkbookFactory.java:280)
	at org.apache.poi.ss.usermodel.WorkbookFactory.create(WorkbookFactory.java:252)
	at org.apache.poi.ss.usermodel.WorkbookFactory.create(WorkbookFactory.java:231)
	at utilities.ExcelUtils.createEnvironmentDataFromExcel(ExcelUtils.java:205)
	at environment.BaseTest.before(BaseTest.java:55)
	at sun.reflect.NativeMethodAccessorImpl.invoke0(Native Method)
	at sun.reflect.NativeMethodAccessorImpl.invoke(NativeMethodAccessorImpl.java:62)
	at sun.reflect.DelegatingMethodAccessorImpl.invoke(DelegatingMethodAccessorImpl.java:43)
	at java.lang.reflect.Method.invoke(Method.java:498)
	at org.testng.internal.MethodInvocationHelper.invokeMethod(MethodInvocationHelper.java:85)
	at org.testng.internal.Invoker.invokeConfigurationMethod(Invoker.java:510)
	at org.testng.internal.Invoker.invokeConfigurations(Invoker.java:211)
	at org.testng.internal.Invoker.invokeMethod(Invoker.java:585)
	at org.testng.internal.Invoker.invokeTestMethod(Invoker.java:816)
	at org.testng.internal.Invoker.invokeTestMethods(Invoker.java:1124)
	at org.testng.internal.TestMethodWorker.invokeTestMethods(TestMethodWorker.java:125)
	at org.testng.internal.TestMethodWorker.run(TestMethodWorker.java:108)
	at org.testng.TestRunner.privateRun(TestRunner.java:774)
	at org.testng.TestRunner.run(TestRunner.java:624)
	at org.testng.SuiteRunner.runTest(SuiteRunner.java:359)
	at org.testng.SuiteRunner.runSequentially(SuiteRunner.java:354)
	at org.testng.SuiteRunner.privateRun(SuiteRunner.java:312)
	at org.testng.SuiteRunner.run(SuiteRunner.java:261)
	at org.testng.SuiteRunnerWorker.runSuite(SuiteRunnerWorker.java:52)
	at org.testng.SuiteRunnerWorker.run(SuiteRunnerWorker.java:86)
	at org.testng.TestNG.runSuitesSequentially(TestNG.java:1191)
	at org.testng.TestNG.runSuitesLocally(TestNG.java:1116)
	at org.testng.TestNG.run(TestNG.java:1024)
	at org.testng.remote.AbstractRemoteTestNG.run(AbstractRemoteTestNG.java:114)
	at org.testng.remote.RemoteTestNG.initAndRun(RemoteTestNG.java:251)
	at org.testng.remote.RemoteTestNG.main(RemoteTestNG.java:77)
]]>
    </error>
  </testcase> <!-- EnterTimeSheetByWeekSelfService -->
</testsuite> <!-- test.cases.TimeandLabour.ESS_ViewPayableTimeTest -->
