<?xml version="1.0" encoding="UTF-8"?>
<!-- Generated by org.testng.reporters.JUnitReportReporter -->
<testsuite hostname="E053550-VM1" name="test.cases.payroll.E76_PayrollProcess_NegativeNetUpdateTest" tests="1" failures="0" timestamp="15 Jan 2019 19:21:38 GMT" time="96.712" errors="0">
  <testcase name="negativeNetUpdateTest" time="96.712" classname="test.cases.payroll.E76_PayrollProcess_NegativeNetUpdateTest"/>
</testsuite> <!-- test.cases.payroll.E76_PayrollProcess_NegativeNetUpdateTest -->
