<?xml version="1.0" encoding="UTF-8"?>
<!-- Generated by org.testng.reporters.JUnitReportReporter -->
<testsuite hostname="E053599-VM2" name="test.cases.hr.CR5601.ST_HR006_Hire_Emp_EFF_Date_16_02_18" tests="1" failures="0" timestamp="7 Mar 2019 17:55:12 GMT" time="152.969" errors="0">
  <testcase name="addPerson" time="152.969" classname="test.cases.hr.CR5601.ST_HR006_Hire_Emp_EFF_Date_16_02_18"/>
</testsuite> <!-- test.cases.hr.CR5601.ST_HR006_Hire_Emp_EFF_Date_16_02_18 -->
