<?xml version="1.0" encoding="UTF-8"?>
<!-- Generated by org.testng.reporters.JUnitReportReporter -->
<testsuite hostname="E053599-VM2" name="test.cases.TimeandLabour.CR4355_Functional.E150_CR4355_011_PreCondition_FutureDatedActingRecordInTest" tests="1" failures="0" timestamp="26 Feb 2019 18:39:13 GMT" time="113.424" errors="0">
  <testcase name="E150_CR4355_013_Test" time="113.424" classname="test.cases.TimeandLabour.CR4355_Functional.E150_CR4355_011_PreCondition_FutureDatedActingRecordInTest"/>
</testsuite> <!-- test.cases.TimeandLabour.CR4355_Functional.E150_CR4355_011_PreCondition_FutureDatedActingRecordInTest -->
