<?xml version="1.0" encoding="UTF-8"?>
<!-- Generated by org.testng.reporters.JUnitReportReporter -->
<testsuite hostname="E053599-VM2" name="test.cases.TimeandLabour.CR3864_Functional.TLSuperUserCreateEmpS34ManagerRelationshipTest" tests="1" failures="0" timestamp="19 Dec 2018 19:06:32 GMT" time="195.816" errors="0">
  <testcase name="TLSuperUserEmp_S34Relationship" time="195.816" classname="test.cases.TimeandLabour.CR3864_Functional.TLSuperUserCreateEmpS34ManagerRelationshipTest"/>
</testsuite> <!-- test.cases.TimeandLabour.CR3864_Functional.TLSuperUserCreateEmpS34ManagerRelationshipTest -->
