<?xml version="1.0" encoding="UTF-8"?>
<!-- Generated by org.testng.reporters.JUnitReportReporter -->
<testsuite hostname="E053599-VM2" name="test.cases.Security_CR5094.CR5094_ST_SEC003" tests="1" failures="0" timestamp="5 Mar 2019 15:41:58 GMT" time="19.057" errors="0">
  <testcase name="ByPaylineSecurityAccess" time="19.057" classname="test.cases.Security_CR5094.CR5094_ST_SEC003"/>
</testsuite> <!-- test.cases.Security_CR5094.CR5094_ST_SEC003 -->
