<?xml version="1.0" encoding="UTF-8"?>
<!-- Generated by org.testng.reporters.JUnitReportReporter -->
<testsuite hostname="E053599-VM2" name="test.cases.hr.CR5601.ST_HR008_Hire_CreateAssignmentEFF_Date_GT_18_02_18" tests="1" failures="0" timestamp="7 Mar 2019 14:46:18 GMT" time="174.044" errors="0">
  <testcase name="addPerson" time="174.044" classname="test.cases.hr.CR5601.ST_HR008_Hire_CreateAssignmentEFF_Date_GT_18_02_18"/>
</testsuite> <!-- test.cases.hr.CR5601.ST_HR008_Hire_CreateAssignmentEFF_Date_GT_18_02_18 -->
