<?xml version="1.0" encoding="UTF-8"?>
<!-- Generated by org.testng.reporters.JUnitReportReporter -->
<testsuite hostname="E053599-VM2" name="test.cases.Security_CR5094.CR5094_ST_SEC001" tests="1" failures="0" timestamp="5 Mar 2019 14:59:01 GMT" time="22.012" errors="0">
  <testcase name="AssignworkgorupAccess" time="22.012" classname="test.cases.Security_CR5094.CR5094_ST_SEC001"/>
</testsuite> <!-- test.cases.Security_CR5094.CR5094_ST_SEC001 -->
