<?xml version="1.0" encoding="UTF-8"?>
<!-- Generated by org.testng.reporters.JUnitReportReporter -->
<testsuite hostname="E053599-VM2" name="test.cases.TimeandLabour.CR3864_Functional.S34Manager1BUSelectonly1EmployeeTest" tests="1" failures="0" timestamp="12 Dec 2018 18:59:44 GMT" time="78.996" errors="0">
  <testcase name="S34ManagerSelectOneEmployee" time="78.996" classname="test.cases.TimeandLabour.CR3864_Functional.S34Manager1BUSelectonly1EmployeeTest"/>
</testsuite> <!-- test.cases.TimeandLabour.CR3864_Functional.S34Manager1BUSelectonly1EmployeeTest -->
