<?xml version="1.0" encoding="UTF-8"?>
<!-- Generated by org.testng.reporters.JUnitReportReporter -->
<testsuite hostname="E053599-VM2" name="test.cases.TimeandLabour.CR3999_Functional.E149_023_CR3999_EnternonexistentTemplateIDcorrecthistoryModePersonalScheduleTest" tests="1" failures="0" timestamp="15 Feb 2019 18:28:23 GMT" time="85.504" errors="0">
  <testcase name="DateTimeNotEditable" time="85.504" classname="test.cases.TimeandLabour.CR3999_Functional.E149_023_CR3999_EnternonexistentTemplateIDcorrecthistoryModePersonalScheduleTest"/>
</testsuite> <!-- test.cases.TimeandLabour.CR3999_Functional.E149_023_CR3999_EnternonexistentTemplateIDcorrecthistoryModePersonalScheduleTest -->
