<?xml version="1.0" encoding="UTF-8"?>
<!-- Generated by org.testng.reporters.JUnitReportReporter -->
<testsuite hostname="DESKTOP-IVLAG11" name="BMO.Com.SignInBMOTest" tests="1" failures="0" timestamp="13 Jun 2019 16:30:27 GMT" time="326.290" errors="0">
  <testcase name="signInProcess" time="326.290" classname="BMO.Com.SignInBMOTest"/>
</testsuite> <!-- BMO.Com.SignInBMOTest -->
