<?xml version="1.0" encoding="UTF-8"?>
<!-- Generated by org.testng.reporters.JUnitReportReporter -->
<testsuite hostname="E053550-VM1" name="test.cases.payroll.CheckChequeNetLT2QueryTest" tests="1" failures="0" timestamp="25 Jan 2019 18:54:10 GMT" time="105.471" errors="0">
  <testcase name="runCheckChequeNetLT2Query" time="105.471" classname="test.cases.payroll.CheckChequeNetLT2QueryTest"/>
</testsuite> <!-- test.cases.payroll.CheckChequeNetLT2QueryTest -->
