<?xml version="1.0" encoding="UTF-8"?>
<!-- Generated by org.testng.reporters.JUnitReportReporter -->
<testsuite hostname="E053599-VM2" name="test.cases.TimeandLabour.CR3864_Functional.S34ManagercreateRelationshipwithExistingRowinPW_S34_EMPL_MGRTest" tests="1" failures="0" timestamp="12 Dec 2018 19:18:38 GMT" time="80.971" errors="0">
  <testcase name="S34ManagerSelectOneEmployeeExistingRelation" time="80.971" classname="test.cases.TimeandLabour.CR3864_Functional.S34ManagercreateRelationshipwithExistingRowinPW_S34_EMPL_MGRTest"/>
</testsuite> <!-- test.cases.TimeandLabour.CR3864_Functional.S34ManagercreateRelationshipwithExistingRowinPW_S34_EMPL_MGRTest -->
