<?xml version="1.0" encoding="UTF-8"?>
<!-- Generated by org.testng.reporters.JUnitReportReporter -->
<testsuite hostname="E053599-VM2" name="test.cases.TimeandLabour.CR3864_Functional.SearchQueryTest" tests="1" failures="0" timestamp="18 Dec 2018 22:13:28 GMT" time="93.982" errors="0">
  <testcase name="SearchS34ManagerQuery" time="93.982" classname="test.cases.TimeandLabour.CR3864_Functional.SearchQueryTest"/>
</testsuite> <!-- test.cases.TimeandLabour.CR3864_Functional.SearchQueryTest -->
