<?xml version="1.0" encoding="UTF-8"?>
<!-- Generated by org.testng.reporters.JUnitReportReporter -->
<testsuite hostname="E053550-VM1" name="test.cases.payroll.CalculatePayrollTest" tests="1" failures="0" timestamp="8 Jan 2019 20:09:26 GMT" time="1302.999" errors="0">
  <testcase name="calculatePayrollFinal" time="1302.999" classname="test.cases.payroll.CalculatePayrollTest"/>
</testsuite> <!-- test.cases.payroll.CalculatePayrollTest -->
