<?xml version="1.0" encoding="UTF-8"?>
<!-- Generated by org.testng.reporters.JUnitReportReporter -->
<testsuite hostname="E053677-VM1" name="test.cases.TimeandLabour.CR3864_Security.E148_CR3864_NonSuperUserAccessPreConditionTest" tests="1" failures="0" timestamp="1 Feb 2019 07:29:05 GMT" time="70.167" errors="0">
  <testcase name="NonS34ManagerAccessPrecondition" time="70.167" classname="test.cases.TimeandLabour.CR3864_Security.E148_CR3864_NonSuperUserAccessPreConditionTest"/>
</testsuite> <!-- test.cases.TimeandLabour.CR3864_Security.E148_CR3864_NonSuperUserAccessPreConditionTest -->
