<?xml version="1.0" encoding="UTF-8"?>
<!-- Generated by org.testng.reporters.JUnitReportReporter -->
<testsuite hostname="E053599-VM2" name="test.cases.TimeandLabour.CR3999_Functional.E149_0151b_CR3999_AddPersonalSchedulewithoutScheduleGroupandRUNPW_SCHED_EDITProcessTest" tests="1" failures="0" timestamp="15 Feb 2019 16:15:02 GMT" time="230.617" errors="0">
  <testcase name="DateTimeNotEditable" time="230.617" classname="test.cases.TimeandLabour.CR3999_Functional.E149_0151b_CR3999_AddPersonalSchedulewithoutScheduleGroupandRUNPW_SCHED_EDITProcessTest"/>
</testsuite> <!-- test.cases.TimeandLabour.CR3999_Functional.E149_0151b_CR3999_AddPersonalSchedulewithoutScheduleGroupandRUNPW_SCHED_EDITProcessTest -->
