<?xml version="1.0" encoding="UTF-8"?>
<!-- Generated by org.testng.reporters.JUnitReportReporter -->
<testsuite hostname="E053599-VM2" name="test.cases.TimeandLabour.CR3864_Functional.S34ManagerEndDateGraterThenMaxSelectionDateErrorTest" tests="1" failures="0" timestamp="16 Dec 2018 04:13:57 GMT" time="74.136" errors="0">
  <testcase name="S34ManagerSelectionDate" time="74.136" classname="test.cases.TimeandLabour.CR3864_Functional.S34ManagerEndDateGraterThenMaxSelectionDateErrorTest"/>
</testsuite> <!-- test.cases.TimeandLabour.CR3864_Functional.S34ManagerEndDateGraterThenMaxSelectionDateErrorTest -->
