<?xml version="1.0" encoding="UTF-8"?>
<!-- Generated by org.testng.reporters.JUnitReportReporter -->
<testsuite hostname="E053677-VM1" name="test.cases.YearEnd.Sample" tests="1" failures="0" timestamp="28 Dec 2018 04:20:16 GMT" time="38.897" errors="0">
  <testcase name="browserTest" time="38.897" classname="test.cases.YearEnd.Sample"/>
</testsuite> <!-- test.cases.YearEnd.Sample -->
