<?xml version="1.0" encoding="UTF-8"?>
<!-- Generated by org.testng.reporters.JUnitReportReporter -->
<testsuite hostname="E053599-VM2" name="test.cases.TimeandLabour.CR4355_Functional.E150_CR4355_10_ActingRecordDiffrentBU_Eff_Past" tests="1" failures="0" timestamp="28 Feb 2019 18:43:56 GMT" time="50.463" errors="0">
  <testcase name="E150_CR4355_01_Test" time="50.463" classname="test.cases.TimeandLabour.CR4355_Functional.E150_CR4355_10_ActingRecordDiffrentBU_Eff_Past"/>
</testsuite> <!-- test.cases.TimeandLabour.CR4355_Functional.E150_CR4355_10_ActingRecordDiffrentBU_Eff_Past -->
