<?xml version="1.0" encoding="UTF-8"?>
<!-- Generated by org.testng.reporters.JUnitReportReporter -->
<testsuite hostname="E053599-VM2" name="test.cases.TimeandLabour.CR3999_Functional.E149_081_CR3999_ValidateattachedtorolePW_TL_ConfigaccessreviewthelogfilesTest" tests="1" failures="0" timestamp="29 Jan 2019 19:11:54 GMT" time="270.796" errors="0">
  <testcase name="NonSuperUserAccessMSS" time="270.796" classname="test.cases.TimeandLabour.CR3999_Functional.E149_081_CR3999_ValidateattachedtorolePW_TL_ConfigaccessreviewthelogfilesTest"/>
</testsuite> <!-- test.cases.TimeandLabour.CR3999_Functional.E149_081_CR3999_ValidateattachedtorolePW_TL_ConfigaccessreviewthelogfilesTest -->
