<?xml version="1.0" encoding="UTF-8"?>
<!-- Generated by org.testng.reporters.JUnitReportReporter -->
<testsuite hostname="E053677-VM1" name="test.cases.TimeandLabour.CR3864_Functional.E148_CR3864_S34ManagerEnterTimeTest" tests="1" failures="0" timestamp="1 Feb 2019 07:29:05 GMT" time="112.763" errors="0">
  <testcase name="S34ManagerSubmitTimeSheet" time="112.763" classname="test.cases.TimeandLabour.CR3864_Functional.E148_CR3864_S34ManagerEnterTimeTest"/>
</testsuite> <!-- test.cases.TimeandLabour.CR3864_Functional.E148_CR3864_S34ManagerEnterTimeTest -->
