<?xml version="1.0" encoding="UTF-8"?>
<!-- Generated by org.testng.reporters.JUnitReportReporter -->
<testsuite hostname="E053599-VM2" name="test.cases.TimeandLabour.CR3864_Functional.S34ManagerDeletRelationshipwithDiffrentOPRIDTest" tests="1" failures="0" timestamp="17 Dec 2018 01:30:20 GMT" time="84.397" errors="0">
  <testcase name="S34ManagerWithDiffrentOPRID" time="84.397" classname="test.cases.TimeandLabour.CR3864_Functional.S34ManagerDeletRelationshipwithDiffrentOPRIDTest"/>
</testsuite> <!-- test.cases.TimeandLabour.CR3864_Functional.S34ManagerDeletRelationshipwithDiffrentOPRIDTest -->
