<?xml version="1.0" encoding="UTF-8"?>
<!-- Generated by org.testng.reporters.JUnitReportReporter -->
<testsuite hostname="E053599-VM2" name="test.cases.TimeandLabour.ESS_EnterTimeSheetTest" tests="1" failures="0" timestamp="20 Dec 2018 14:43:32 GMT" time="120.698" errors="0">
  <testcase name="EnterTimeToCreateException" time="120.698" classname="test.cases.TimeandLabour.ESS_EnterTimeSheetTest"/>
</testsuite> <!-- test.cases.TimeandLabour.ESS_EnterTimeSheetTest -->
