<?xml version="1.0" encoding="UTF-8"?>
<!-- Generated by org.testng.reporters.JUnitReportReporter -->
<testsuite hostname="E053599-VM2" name="test.cases.Security_CR5094.CR5094_ST_SEC002" tests="1" failures="0" timestamp="5 Mar 2019 15:22:00 GMT" time="21.536" errors="0">
  <testcase name="ByPaylineSecurityAccess" time="21.536" classname="test.cases.Security_CR5094.CR5094_ST_SEC002"/>
</testsuite> <!-- test.cases.Security_CR5094.CR5094_ST_SEC002 -->
