<?xml version="1.0" encoding="UTF-8"?>
<!-- Generated by org.testng.reporters.JUnitReportReporter -->
<testsuite hostname="E053550-VM1" name="test.cases.payroll.CreatePaysheetsTest" tests="1" failures="0" timestamp="23 Jan 2019 17:46:08 GMT" time="188.820" errors="0">
  <testcase name="createPaysheets" time="188.820" classname="test.cases.payroll.CreatePaysheetsTest"/>
</testsuite> <!-- test.cases.payroll.CreatePaysheetsTest -->
