<?xml version="1.0" encoding="UTF-8"?>
<!-- Generated by org.testng.reporters.JUnitReportReporter -->
<testsuite hostname="E053599-VM2" name="test.cases.TimeandLabour.CR3864_Security.TLSuperUserAccessUpdateS34ManagerEmployeeTest" tests="1" failures="0" timestamp="18 Dec 2018 01:55:34 GMT" time="103.815" errors="0">
  <testcase name="TLSuperUserS34AccessUpdateEmployee" time="103.815" classname="test.cases.TimeandLabour.CR3864_Security.TLSuperUserAccessUpdateS34ManagerEmployeeTest"/>
</testsuite> <!-- test.cases.TimeandLabour.CR3864_Security.TLSuperUserAccessUpdateS34ManagerEmployeeTest -->
