<?xml version="1.0" encoding="UTF-8"?>
<!-- Generated by org.testng.reporters.JUnitReportReporter -->
<testsuite hostname="DESKTOP-LOONARL" failures="0" tests="1" name="Amazon.Com.InvalidSignInTest" time="23.241" errors="0" timestamp="2020-11-01T16:14:30 EST" skipped="0">
  <testcase classname="Amazon.Com.InvalidSignInTest" name="invalidSignIn" time="23.241"/>
  <system-out/>
</testsuite> <!-- Amazon.Com.InvalidSignInTest -->
