<?xml version="1.0" encoding="UTF-8"?>
<!-- Generated by org.testng.reporters.JUnitReportReporter -->
<testsuite hostname="E053677-VM1" name="test.cases.TimeandLabour.MSS_ViewPayableTimeTest" tests="1" failures="0" timestamp="1 Feb 2019 07:29:05 GMT" time="136.090" errors="0">
  <testcase name="ViewPayableTimeMS" time="136.090" classname="test.cases.TimeandLabour.MSS_ViewPayableTimeTest"/>
</testsuite> <!-- test.cases.TimeandLabour.MSS_ViewPayableTimeTest -->
