<?xml version="1.0" encoding="UTF-8"?>
<!-- Generated by org.testng.reporters.JUnitReportReporter -->
<testsuite hostname="E053677-VM1" name="test.cases.TimeandLabour.CR3864_Security.E148_CR3864_S34ManagerAccessPreConditionTest" tests="1" failures="0" timestamp="1 Feb 2019 07:29:05 GMT" time="56.014" errors="0">
  <testcase name="S34ManagerAccessPrecondition" time="56.014" classname="test.cases.TimeandLabour.CR3864_Security.E148_CR3864_S34ManagerAccessPreConditionTest"/>
</testsuite> <!-- test.cases.TimeandLabour.CR3864_Security.E148_CR3864_S34ManagerAccessPreConditionTest -->
