<?xml version="1.0" encoding="UTF-8"?>
<!-- Generated by org.testng.reporters.JUnitReportReporter -->
<testsuite hostname="DESKTOP-LOONARL" failures="0" tests="1" name="Amazon.Com.AddproductToCartTest" time="32.117" errors="0" timestamp="2020-11-01T23:39:53 EST" skipped="0">
  <testcase classname="Amazon.Com.AddproductToCartTest" name="addProduct" time="32.117"/>
  <system-out/>
</testsuite> <!-- Amazon.Com.AddproductToCartTest -->
