<?xml version="1.0" encoding="UTF-8"?>
<!-- Generated by org.testng.reporters.JUnitReportReporter -->
<testsuite hostname="E053599-VM2" name="test.cases.hr.CR5601.ST_HR002_Modify_Grade_Emp_EFF_Date_GT_18_02_2019" tests="1" failures="0" timestamp="6 Mar 2019 18:07:08 GMT" time="156.751" errors="0">
  <testcase name="addPerson" time="156.751" classname="test.cases.hr.CR5601.ST_HR002_Modify_Grade_Emp_EFF_Date_GT_18_02_2019"/>
</testsuite> <!-- test.cases.hr.CR5601.ST_HR002_Modify_Grade_Emp_EFF_Date_GT_18_02_2019 -->
