<?xml version="1.0" encoding="UTF-8"?>
<!-- Generated by org.testng.reporters.JUnitReportReporter -->
<testsuite hostname="E053599-VM2" name="test.cases.TimeandLabour.CR3999_Functional.E149_0111_CR3999_FromDateTimePerviousRunNotEditableTest" tests="1" failures="0" timestamp="14 Feb 2019 20:51:27 GMT" time="93.841" errors="0">
  <testcase name="DateTimeNotEditable" time="93.841" classname="test.cases.TimeandLabour.CR3999_Functional.E149_0111_CR3999_FromDateTimePerviousRunNotEditableTest"/>
</testsuite> <!-- test.cases.TimeandLabour.CR3999_Functional.E149_0111_CR3999_FromDateTimePerviousRunNotEditableTest -->
