<?xml version="1.0" encoding="UTF-8"?>
<!-- Generated by org.testng.reporters.JUnitReportReporter -->
<testsuite hostname="E053599-VM2" name="test.cases.hr.CR5601.ST_HR007_Hire_CreateAssignmentEFF_Date_LT_18_02_18" tests="1" failures="0" timestamp="7 Mar 2019 17:02:55 GMT" time="69.944" errors="0">
  <testcase name="addPerson" time="69.944" classname="test.cases.hr.CR5601.ST_HR007_Hire_CreateAssignmentEFF_Date_LT_18_02_18"/>
</testsuite> <!-- test.cases.hr.CR5601.ST_HR007_Hire_CreateAssignmentEFF_Date_LT_18_02_18 -->
