<?xml version="1.0" encoding="UTF-8"?>
<!-- Generated by org.testng.reporters.JUnitReportReporter -->
<testsuite hostname="E053677-VM1" name="test.cases.YearEnd.YearEndReviewT4SlipTest" tests="1" failures="0" timestamp="1 Feb 2019 07:29:05 GMT" time="78.279" errors="0">
  <testcase name="SearchEmployee" time="78.279" classname="test.cases.YearEnd.YearEndReviewT4SlipTest"/>
</testsuite> <!-- test.cases.YearEnd.YearEndReviewT4SlipTest -->
