<?xml version="1.0" encoding="UTF-8"?>
<!-- Generated by org.testng.reporters.JUnitReportReporter -->
<testsuite hostname="E053599-VM2" name="test.cases.TimeandLabour.CR4355_Functional.E150_CR4355_011_FutureDatedActingRecordInSameBU_as_PrimaryTest" tests="1" failures="0" timestamp="26 Feb 2019 22:00:17 GMT" time="79.723" errors="0">
  <testcase name="E150_CR4355_013_Test" time="79.723" classname="test.cases.TimeandLabour.CR4355_Functional.E150_CR4355_011_FutureDatedActingRecordInSameBU_as_PrimaryTest"/>
</testsuite> <!-- test.cases.TimeandLabour.CR4355_Functional.E150_CR4355_011_FutureDatedActingRecordInSameBU_as_PrimaryTest -->
